[debug] [2022-01-13T06:49:33.325Z] ----------------------------------------------------------------------
[debug] [2022-01-13T06:49:33.328Z] Command:       C:\Program Files\nodejs\node.exe C:\Users\dhruv\AppData\Roaming\npm\node_modules\firebase-tools\lib\bin\firebase.js init
[debug] [2022-01-13T06:49:33.328Z] CLI Version:   9.6.1
[debug] [2022-01-13T06:49:33.328Z] Platform:      win32
[debug] [2022-01-13T06:49:33.328Z] Node Version:  v14.17.6
[debug] [2022-01-13T06:49:33.329Z] Time:          Thu Jan 13 2022 12:19:33 GMT+0530 (India Standard Time)
[debug] [2022-01-13T06:49:33.329Z] ----------------------------------------------------------------------
[debug] [2022-01-13T06:49:33.329Z] 
[debug] [2022-01-13T06:49:33.335Z] > command requires scopes: ["email","openid","https://www.googleapis.com/auth/cloudplatformprojects.readonly","https://www.googleapis.com/auth/firebase","https://www.googleapis.com/auth/cloud-platform"]
[debug] [2022-01-13T06:49:33.335Z] > authorizing via signed-in user
[info] 
     ######## #### ########  ######## ########     ###     ######  ########
     ##        ##  ##     ## ##       ##     ##  ##   ##  ##       ##
     ######    ##  ########  ######   ########  #########  ######  ######
     ##        ##  ##    ##  ##       ##     ## ##     ##       ## ##
     ##       #### ##     ## ######## ########  ##     ##  ######  ########

You're about to initialize a Firebase project in this directory:

  C:\Users\dhruv\Desktop\3rd Year Projects\Lawyers Blogging Website\Blogging Website Frontend

Before we get started, keep in mind:

  * You are initializing in an existing Firebase project directory

[info] 
=== Project Setup
[info] 
[info] First, let's associate this project directory with a Firebase project.
[info] You can create multiple project aliases by running firebase use --add, 
[info] but for now we'll just set up a default project.
[info] 
[debug] [2022-01-13T06:49:48.683Z] >>> [apiv2][query] GET https://firebase.googleapis.com/v1beta1/projects/the-lawyers-journal [none]
[debug] [2022-01-13T06:49:49.154Z] <<< [apiv2][status] GET https://firebase.googleapis.com/v1beta1/projects/the-lawyers-journal 200
[debug] [2022-01-13T06:49:49.155Z] <<< [apiv2][body] GET https://firebase.googleapis.com/v1beta1/projects/the-lawyers-journal {"projectId":"the-lawyers-journal","projectNumber":"96681461924","displayName":"The Lawyers Journal","name":"projects/the-lawyers-journal","resources":{"hostingSite":"the-lawyers-journal"},"state":"ACTIVE"}
[info] i  Using project the-lawyers-journal (The Lawyers Journal) 
[info] 
=== Hosting Setup
[info] 
[info] Your public directory is the folder (relative to your project directory) that
[info] will contain Hosting assets to be uploaded with firebase deploy. If you
[info] have a build process for your assets, use your build's output directory.
[info] 
